<?xml version="1.0" encoding="UTF-8"?>
<!-- Generated by org.testng.reporters.JUnitXMLReporter -->
<testsuite hostname="LAPTOP-G6760QK2" ignored="4" name="Default test" tests="2" failures="0" timestamp="25 Apr 2021 05:54:00 GMT" time="90.132" errors="0">
  <testcase name="adactinTitle" time="2.104" classname="org.adactinTest.AdactinTest"/>
  <testcase name="login" time="13.587" classname="org.adactinTest.AdactinTest"/>
  <testcase name="confirmSearch" time="0.0" classname="org.adactinTest.AdactinTest">
    <ignored/>
  </testcase> <!-- confirmSearch -->
  <testcase name="bookHotel" time="0.0" classname="org.adactinTest.AdactinTest">
    <ignored/>
  </testcase> <!-- bookHotel -->
  <testcase name="bookingConfirm" time="0.0" classname="org.adactinTest.AdactinTest">
    <ignored/>
  </testcase> <!-- bookingConfirm -->
  <testcase name="searchHotel" time="0.0" classname="org.adactinTest.AdactinTest">
    <ignored/>
  </testcase> <!-- searchHotel -->
</testsuite> <!-- Default test -->
