<?xml version="1.0" encoding="UTF-8"?>
<!-- Generated by org.testng.reporters.JUnitXMLReporter -->
<testsuite hostname="LAPTOP-G6760QK2" ignored="4" name="Test" tests="2" failures="0" timestamp="26 Apr 2021 16:35:47 GMT" time="23.195" errors="0">
  <testcase name="adactinTitle" time="0.068" classname="org.adactinTest.AdactinTest"/>
  <testcase name="login" time="3.219" classname="org.adactinTest.AdactinTest"/>
  <testcase name="confirmSearch" time="0.0" classname="org.adactinTest.AdactinTest">
    <ignored/>
  </testcase> <!-- confirmSearch -->
  <testcase name="bookHotel" time="0.0" classname="org.adactinTest.AdactinTest">
    <ignored/>
  </testcase> <!-- bookHotel -->
  <testcase name="bookingConfirm" time="0.0" classname="org.adactinTest.AdactinTest">
    <ignored/>
  </testcase> <!-- bookingConfirm -->
  <testcase name="searchHotel" time="0.0" classname="org.adactinTest.AdactinTest">
    <ignored/>
  </testcase> <!-- searchHotel -->
</testsuite> <!-- Test -->
