<?xml version="1.0" encoding="UTF-8"?>
<testng-results skipped="0" failed="0" ignored="4" total="6" passed="2">
  <reporter-output>
  </reporter-output>
  <suite name="Suite" duration-ms="23195" started-at="2021-04-26T16:35:23Z" finished-at="2021-04-26T16:35:46Z">
    <groups>
    </groups>
    <test name="Test" duration-ms="23195" started-at="2021-04-26T16:35:23Z" finished-at="2021-04-26T16:35:46Z">
      <class name="org.adactinTest.AdactinTest">
        <test-method status="PASS" signature="browserLaunch()[pri:0, instance:org.adactinTest.AdactinTest@13deb50e]" name="browserLaunch" is-config="true" duration-ms="19234" started-at="2021-04-26T22:05:24Z" finished-at="2021-04-26T22:05:43Z">
          <reporter-output>
          </reporter-output>
        </test-method> <!-- browserLaunch -->
        <test-method status="PASS" signature="adactinTitle()[pri:-2, instance:org.adactinTest.AdactinTest@13deb50e]" name="adactinTitle" duration-ms="68" started-at="2021-04-26T22:05:43Z" finished-at="2021-04-26T22:05:43Z">
          <reporter-output>
          </reporter-output>
        </test-method> <!-- adactinTitle -->
        <test-method status="PASS" signature="login()[pri:-1, instance:org.adactinTest.AdactinTest@13deb50e]" name="login" duration-ms="3219" started-at="2021-04-26T22:05:43Z" finished-at="2021-04-26T22:05:46Z">
          <reporter-output>
          </reporter-output>
        </test-method> <!-- login -->
      </class> <!-- org.adactinTest.AdactinTest -->
    </test> <!-- Test -->
  </suite> <!-- Suite -->
</testng-results>
